<?xml version="1.0" encoding="UTF-8"?>
<robot generator="Robot 7.3.2 (Python 3.14.0 on win32)" generated="2025-11-14T19:03:20.242882" rpa="false" schemaversion="5">
<suite id="s1" name="Users" source="C:\Users\henri\OneDrive\Área de Trabalho\academy\blacklist_academy\listar_cadastro_de_usuário\tests\users.robot">
<test id="s1-t1" name="Listar usuários" line="6">
<kw name="Listar todos os usuários cadastrados" owner="users">
<kw name="Realizar login com credenciais validas e armazenar token" owner="users">
<kw name="Create Dictionary" owner="BuiltIn">
<msg time="2025-11-14T19:03:20.559646" level="INFO">${body} = {'mail': 'sysadmin@qacoders.com', 'password': '1234@Test'}</msg>
<var>${body}</var>
<arg>mail=${EMAIL}</arg>
<arg>password=${PASSWORD}</arg>
<doc>Creates and returns a dictionary based on the given ``items``.</doc>
<status status="PASS" start="2025-11-14T19:03:20.559281" elapsed="0.000405"/>
</kw>
<kw name="Criar Sessao" owner="users">
<kw name="Create Dictionary" owner="BuiltIn">
<msg time="2025-11-14T19:03:20.560227" level="INFO">${headers} = {'accept': 'application/json', 'Content-Type': 'application/json'}</msg>
<var>${headers}</var>
<arg>accept=application/json</arg>
<arg>Content-Type=application/json</arg>
<doc>Creates and returns a dictionary based on the given ``items``.</doc>
<status status="PASS" start="2025-11-14T19:03:20.560047" elapsed="0.000212"/>
</kw>
<kw name="Create Session" owner="RequestsLibrary">
<msg time="2025-11-14T19:03:20.560588" level="INFO">Creating Session using : alias=develop, url=https://api-blacklist.qacoders.dev.br/api, headers={'accept': 'application/json', 'Content-Type': 'application/json'},                     cookies={}, auth=None, timeout=None, proxies=None, verify=False,                     debug=0 </msg>
<arg>alias=develop</arg>
<arg>url=${BASE_URL}</arg>
<arg>headers=${headers}</arg>
<doc>Create Session: create a HTTP session to a server</doc>
<status status="PASS" start="2025-11-14T19:03:20.560377" elapsed="0.000378"/>
</kw>
<status status="PASS" start="2025-11-14T19:03:20.559847" elapsed="0.000987"/>
</kw>
<kw name="POST On Session" owner="RequestsLibrary">
<msg time="2025-11-14T19:03:22.937738" level="INFO">POST Request : url=https://api-blacklist.qacoders.dev.br/api/login 
 path_url=/api/login 
 headers={'User-Agent': 'python-requests/2.32.5', 'Accept-Encoding': 'gzip, deflate, zstd', 'accept': 'application/json', 'Connection': 'keep-alive', 'Content-Type': 'application/json', 'Content-Length': '58'} 
 body=b'{"mail": "sysadmin@qacoders.com", "password": "1234@Test"}' 
 </msg>
<msg time="2025-11-14T19:03:22.938254" level="INFO">POST Response : url=https://api-blacklist.qacoders.dev.br/api/login 
 status=200, reason=OK 
 headers={'Access-Control-Allow-Origin': '*', 'Content-Length': '905', 'Content-Type': 'application/json; charset=utf-8', 'Date': 'Fri, 14 Nov 2025 22:03:05 GMT', 'Etag': 'W/"389-QnNJ+o/i78YI9mgAcFY4PJyEnYY"', 'X-Powered-By': 'Express'} 
 body={"msg":"Olá Qa-Coders-SYSADMIN, autenticação autorizada com sucesso!","user":{"_id":"68dbe7834bcba872791dd2b9","fullName":"Qa-Coders-SYSADMIN","mail":"sysadmin@qacoders.com","password":"$2b$10$762UPIn78rqH5b7pn7OJbOKqD3QRGPuCmPLxE0T3gcSXIDTJS7g9a","accessProfile":"SYSADMIN","cpf":"11111111111","status":true,"audit":[{"registeredBy":{"userId":"111111111111111111","userLogin":"sysadmin@qacoders.com"},"registrationDate":"terça-feira, 30/09/2025, 11:21:54 BRT","registrationNumber":"01","companyId":"Qa.Coders","_id":"68dbe7834bcba872791dd2ba"}],"__v":0},"token":"eyJhbGciOiJIUzI1NiIsInR5cCI6IkpXVCJ9.eyJfaWQiOiI2OGRiZTc4MzRiY2JhODcyNzkxZGQyYjkiLCJ1c2VySWQiOiI2OGRiZTc4MzRiY2JhODcyNzkxZGQyYjkiLCJuYW1lIjoiUWEtQ29kZXJzLVNZU0FETUlOIiwibWFpbCI6InN5c2FkbWluQHFhY29kZXJzLmNvbSIsImFjY2Vzc1Byb2ZpbGUiOiJTWVNBRE1JTiIsImlhdCI6MTc2MzE1Nzc4NSwiZXhwIjoxNzYzMjQ0MTg1fQ.lwYxB_fQP8csHCZBrlFbxPYEZFF9EKAXADFj414KjB0"} 
 </msg>
<msg time="2025-11-14T19:03:22.938857" level="INFO">${bodyResponse} = &lt;Response [200]&gt;</msg>
<var>${bodyResponse}</var>
<arg>alias=develop</arg>
<arg>url=/login</arg>
<arg>json=${body}</arg>
<arg>verify=${True}</arg>
<doc>Sends a POST request on a previously created HTTP Session.</doc>
<status status="PASS" start="2025-11-14T19:03:20.560928" elapsed="2.378093"/>
</kw>
<kw name="Log" owner="BuiltIn">
<msg time="2025-11-14T19:03:22.941244" level="INFO">{'msg': 'Olá Qa-Coders-SYSADMIN, autenticação autorizada com sucesso!', 'user': {'_id': '68dbe7834bcba872791dd2b9', 'fullName': 'Qa-Coders-SYSADMIN', 'mail': 'sysadmin@qacoders.com', 'password': '$2b$10$762UPIn78rqH5b7pn7OJbOKqD3QRGPuCmPLxE0T3gcSXIDTJS7g9a', 'accessProfile': 'SYSADMIN', 'cpf': '11111111111', 'status': True, 'audit': [{'registeredBy': {'userId': '111111111111111111', 'userLogin': 'sysadmin@qacoders.com'}, 'registrationDate': 'terça-feira, 30/09/2025, 11:21:54 BRT', 'registrationNumber': '01', 'companyId': 'Qa.Coders', '_id': '68dbe7834bcba872791dd2ba'}], '__v': 0}, 'token': 'eyJhbGciOiJIUzI1NiIsInR5cCI6IkpXVCJ9.eyJfaWQiOiI2OGRiZTc4MzRiY2JhODcyNzkxZGQyYjkiLCJ1c2VySWQiOiI2OGRiZTc4MzRiY2JhODcyNzkxZGQyYjkiLCJuYW1lIjoiUWEtQ29kZXJzLVNZU0FETUlOIiwibWFpbCI6InN5c2FkbWluQHFhY29kZXJzLmNvbSIsImFjY2Vzc1Byb2ZpbGUiOiJTWVNBRE1JTiIsImlhdCI6MTc2MzE1Nzc4NSwiZXhwIjoxNzYzMjQ0MTg1fQ.lwYxB_fQP8csHCZBrlFbxPYEZFF9EKAXADFj414KjB0'}</msg>
<arg>${bodyResponse.json()}</arg>
<doc>Logs the given message with the given level.</doc>
<status status="PASS" start="2025-11-14T19:03:22.939767" elapsed="0.001708"/>
</kw>
<kw name="Log" owner="BuiltIn">
<msg time="2025-11-14T19:03:22.943042" level="INFO">eyJhbGciOiJIUzI1NiIsInR5cCI6IkpXVCJ9.eyJfaWQiOiI2OGRiZTc4MzRiY2JhODcyNzkxZGQyYjkiLCJ1c2VySWQiOiI2OGRiZTc4MzRiY2JhODcyNzkxZGQyYjkiLCJuYW1lIjoiUWEtQ29kZXJzLVNZU0FETUlOIiwibWFpbCI6InN5c2FkbWluQHFhY29kZXJzLmNvbSIsImFjY2Vzc1Byb2ZpbGUiOiJTWVNBRE1JTiIsImlhdCI6MTc2MzE1Nzc4NSwiZXhwIjoxNzYzMjQ0MTg1fQ.lwYxB_fQP8csHCZBrlFbxPYEZFF9EKAXADFj414KjB0</msg>
<arg>${bodyResponse.json()['token']}</arg>
<doc>Logs the given message with the given level.</doc>
<status status="PASS" start="2025-11-14T19:03:22.941844" elapsed="0.001367"/>
</kw>
<kw name="Status Should Be" owner="RequestsLibrary">
<arg>200</arg>
<arg>${bodyResponse}</arg>
<doc>Fails if response status code is different than the expected.</doc>
<status status="PASS" start="2025-11-14T19:03:22.943615" elapsed="0.000657"/>
</kw>
<return>
<value>${bodyResponse.json()['token']}</value>
<status status="PASS" start="2025-11-14T19:03:22.944524" elapsed="0.000180"/>
</return>
<msg time="2025-11-14T19:03:22.945987" level="INFO">${token} = eyJhbGciOiJIUzI1NiIsInR5cCI6IkpXVCJ9.eyJfaWQiOiI2OGRiZTc4MzRiY2JhODcyNzkxZGQyYjkiLCJ1c2VySWQiOiI2OGRiZTc4MzRiY2JhODcyNzkxZGQyYjkiLCJuYW1lIjoiUWEtQ29kZXJzLVNZU0FETUlOIiwibWFpbCI6InN5c2FkbWluQHFhY29kZXJ...</msg>
<var>${token}</var>
<status status="PASS" start="2025-11-14T19:03:20.558556" elapsed="2.387543"/>
</kw>
<kw name="GET On Session" owner="RequestsLibrary">
<msg time="2025-11-14T19:03:23.070822" level="INFO">GET Request : url=https://api-blacklist.qacoders.dev.br/api/user?token=eyJhbGciOiJIUzI1NiIsInR5cCI6IkpXVCJ9.eyJfaWQiOiI2OGRiZTc4MzRiY2JhODcyNzkxZGQyYjkiLCJ1c2VySWQiOiI2OGRiZTc4MzRiY2JhODcyNzkxZGQyYjkiLCJuYW1lIjoiUWEtQ29kZXJzLVNZU0FETUlOIiwibWFpbCI6InN5c2FkbWluQHFhY29kZXJzLmNvbSIsImFjY2Vzc1Byb2ZpbGUiOiJTWVNBRE1JTiIsImlhdCI6MTc2MzE1Nzc4NSwiZXhwIjoxNzYzMjQ0MTg1fQ.lwYxB_fQP8csHCZBrlFbxPYEZFF9EKAXADFj414KjB0 
 path_url=/api/user?token=eyJhbGciOiJIUzI1NiIsInR5cCI6IkpXVCJ9.eyJfaWQiOiI2OGRiZTc4MzRiY2JhODcyNzkxZGQyYjkiLCJ1c2VySWQiOiI2OGRiZTc4MzRiY2JhODcyNzkxZGQyYjkiLCJuYW1lIjoiUWEtQ29kZXJzLVNZU0FETUlOIiwibWFpbCI6InN5c2FkbWluQHFhY29kZXJzLmNvbSIsImFjY2Vzc1Byb2ZpbGUiOiJTWVNBRE1JTiIsImlhdCI6MTc2MzE1Nzc4NSwiZXhwIjoxNzYzMjQ0MTg1fQ.lwYxB_fQP8csHCZBrlFbxPYEZFF9EKAXADFj414KjB0 
 headers={'User-Agent': 'python-requests/2.32.5', 'Accept-Encoding': 'gzip, deflate, zstd', 'accept': 'application/json', 'Connection': 'keep-alive', 'Content-Type': 'application/json'} 
 body=None 
 </msg>
<msg time="2025-11-14T19:03:23.071083" level="INFO">GET Response : url=https://api-blacklist.qacoders.dev.br/api/user?token=eyJhbGciOiJIUzI1NiIsInR5cCI6IkpXVCJ9.eyJfaWQiOiI2OGRiZTc4MzRiY2JhODcyNzkxZGQyYjkiLCJ1c2VySWQiOiI2OGRiZTc4MzRiY2JhODcyNzkxZGQyYjkiLCJuYW1lIjoiUWEtQ29kZXJzLVNZU0FETUlOIiwibWFpbCI6InN5c2FkbWluQHFhY29kZXJzLmNvbSIsImFjY2Vzc1Byb2ZpbGUiOiJTWVNBRE1JTiIsImlhdCI6MTc2MzE1Nzc4NSwiZXhwIjoxNzYzMjQ0MTg1fQ.lwYxB_fQP8csHCZBrlFbxPYEZFF9EKAXADFj414KjB0 
 status=200, reason=OK 
 headers={'Access-Control-Allow-Origin': '*', 'Content-Length': '27162', 'Content-Type': 'application/json; charset=utf-8', 'Date': 'Fri, 14 Nov 2025 22:03:05 GMT', 'Etag': 'W/"6a1a-pYBby+iGCafKE45BcxhEN8VTfMk"', 'X-Powered-By': 'Express'} 
 body=[{"_id":"68fc0ca2eb1149d308d72dcd","fullName":"Ana Silva","mail":"carlos197@gmail.com","password":"$2b$10$LSZOIFVNJVF.I6FHyX2sIeSyfjRc5IQnBAXbGzPAZQi3zudaES7cG","accessProfile":"ADMIN","cpf":"93601752012","status":true,"audit":[{"registeredBy":{"userId":"68dbe7834bcba872791dd2b9","userLogin":"sysadmin@qacoders.com"},"registrationDate":"sexta-feira, 24/10/2025, 20:32:49 BRT","registrationNumber":"QaCoders-39","_id":"68fc0ca2eb1149d308d72dce"}],"__v":0},{"_id":"68fabebfeb1149d308d701ca","fullName":"António Camões","mail":"antoniocamoes@qacoders.com","password":"$2b$10$JzljC/n5C6jngKzPTbscceuYwnlSlN8.lzBvA8ova/tXeLKLQ.Zxi","accessProfile":"ADMIN","cpf":"13318991023","status":true,"audit":[{"registeredBy":{"userId":"68faa700eb1149d308d6f9d8","userLogin":"dario@qacoders.com"},"registrationDate":"quinta-feira, 23/10/2025, 20:48:15 BRT","registrationNumber":"QaCoders-23","_id":"68fabebfeb1149d308d701cb"}],"__v":0},{"_id":"68fc10dceb1149d308d73209","fullName":"Camelo do Teste","mail":"camelo@test.com.br","password":"$2b$10$Rdp19Pblvom3CwVg3mTia./tbDILf1H5IBXPXw3wY0IgLigCURlii","accessProfile":"ADMIN","cpf":"11122583304","status":true,"audit":[{"updatedBy":{"userId":"68fc10dceb1149d308d73209","userLogin":"camelo@test.com.br"},"updateDate":"segunda-feira, 27/10/2025, 20:03:20 BRT","_id":"68fffa39728a8d88ef358ebf"}],"__v":0},{"_id":"68fb689beb1149d308d70bb7","fullName":"Cássia Guimarães","mail":"cassiaguimaraes@qacoders.com","password":"$2b$10$2EE6OA.B1enDcYpGlfRGj.FfO2QJYwjUjahPgpl1vKt2WdVDRyk32","accessProfile":"ADMIN","cpf":"16591084544","status":true,"audit":[{"registeredBy":{"userId":"68faa700eb1149d308d6f9d8","userLogin":"dario@qacoders.com"},"registrationDate":"sexta-feira, 24/10/2025, 08:52:58 BRT","registrationNumber":"QaCoders-29","_id":"68fb689beb1149d308d70bb8"}],"__v":0},{"_id":"68faa700eb1149d308d6f9d8","fullName":"Dario Oliveira","mail":"dario@qacoders.com","password":"$2b$10$pFDp0bQQMgl10z4vgiMLWu9wPZIXu/3JOirTZXuQuPKdY/oaHKWk6","accessProfile":"ADMIN","cpf":"61197294096","status":true,"audit":[{"registeredBy":{"userId":"68dbe7834bcba872791dd2b9","userLogin":"sysadmin@qacoders.com"},"registrationDate":"quinta-feira, 23/10/2025, 19:06:55 BRT","registrationNumber":"QaCoders-7","_id":"68faa700eb1149d308d6f9d9"}],"__v":0},{"_id":"68faaff9eb1149d308d6fb4f","fullName":"Dario Oliveira","mail":"dario2@qacoders.com","password":"$2b$10$NUQVcB7H2O1elONnVifhB.FJPsOje1nvbb2ZutDsBrLikCAXY3o5C","accessProfile":"ADMIN","cpf":"61195294096","status":true,"audit":[{"registeredBy":{"userId":"68faa700eb1149d308d6f9d8","userLogin":"dario@qacoders.com"},"registrationDate":"quinta-feira, 23/10/2025, 19:45:13 BRT","registrationNumber":"QaCoders-13","_id":"68faaff9eb1149d308d6fb50"}],"__v":0},{"_id":"68fab041eb1149d308d6fb69","fullName":"Dario Oliveira","mail":"dario3@qacoders.com","password":"$2b$10$Sz.UXg7it7ANHwxsN3qGwegUqIqjzpQ6KNmJbT1rF55b/n0cmYTrm","accessProfile":"ADMIN","cpf":"62195294096","status":true,"audit":[{"registeredBy":{"userId":"68faa700eb1149d308d6f9d8","userLogin":"dario@qacoders.com"},"registrationDate":"quinta-feira, 23/10/2025, 19:46:25 BRT","registrationNumber":"QaCoders-14","_id":"68fab041eb1149d308d6fb6a"}],"__v":0},{"_id":"68fab3b0eb1149d308d6fbab","fullName":"Dario Oliveira","mail":"dario33@qacoders.com","password":"$2b$10$wtR7vhYmQt94gOPBiOFb9ulaSSAwrWaXHR3Yzk9fr9lm48GTv.k42","accessProfile":"ADMIN","cpf":"67195294096","status":true,"audit":[{"registeredBy":{"userId":"68faa700eb1149d308d6f9d8","userLogin":"dario@qacoders.com"},"registrationDate":"quinta-feira, 23/10/2025, 20:01:03 BRT","registrationNumber":"QaCoders-15","_id":"68fab3b0eb1149d308d6fbac"}],"__v":0},{"_id":"68fab952eb1149d308d7009d","fullName":"Dario Oliveira","mail":"dario37@qacoders.com","password":"$2b$10$22BgPP7Kv.0HKkmCaXa9Mu17233EslR61if8y.c7a88qFoNKD2cau","accessProfile":"ADMIN","cpf":"67155294096","status":true,"audit":[{"registeredBy":{"userId":"68faa700eb1149d308d6f9d8","userLogin":"dario@qacoders.com"},"registrationDate":"quinta-feira, 23/10/2025, 20:25:06 BRT","registrationNumber":"QaCoders-15","_id":"68fab952eb1149d308d7009e"}],"__v":0},{"_id":"68fabca9eb1149d308d70160","fullName":"Dario Oliveira","mail":"dario88@qacoders.com","password":"$2b$10$LXy.IV.Xme.LRMyfP1N93eGIws9Y/tr5sfHuW0yMnu6ewfIlsLlRK","accessProfile":"ADMIN","cpf":"28127696258","status":true,"audit":[{"registeredBy":{"userId":"68faa700eb1149d308d6f9d8","userLogin":"dario@qacoders.com"},"registrationDate":"quinta-feira, 23/10/2025, 20:39:21 BRT","registrationNumber":"QaCoders-18","_id":"68fabca9eb1149d308d70161"}],"__v":0},{"_id":"68fabcc0eb1149d308d70168","fullName":"Dario Oliveira","mail":"dario90@qacoders.com","password":"$2b$10$7GXu1uyNtAIt.2P2bUjCPe0uMC30GSmtpS0W60gFcQcYQhPbRmHtu","accessProfile":"ADMIN","cpf":"72686521275","status":true,"audit":[{"registeredBy":{"userId":"68faa700eb1149d308d6f9d8","userLogin":"dario@qacoders.com"},"registrationDate":"quinta-feira, 23/10/2025, 20:39:43 BRT","registrationNumber":"QaCoders-19","_id":"68fabcc0eb1149d308d70169"}],"__v":0},{"_id":"68fabd34eb1149d308d701ae","fullName":"Diogo Sales","mail":"diogosales@hotmail.com","password":"$2b$10$.sGv2fQ/6TXCywgJzhxIzu4cbMicRyEkKAoDSBpGZmhfiPVsPtRKu","accessProfile":"ADMIN","cpf":"99432193357","status":true,"audit":[{"registeredBy":{"userId":"68dbe7834bcba872791dd2b9","userLogin":"sysadmin@qacoders.com"},"registrationDate":"quinta-feira, 23/10/2025, 20:41:40 BRT","registrationNumber":"QaCoders-21","_id":"68fabd34eb1149d308d701af"}],"__v":0},{"_id":"6917435f239550a8848f4daa","fullName":"Diogo Sales P","mail":"diogo@sales.com","password":"$2b$10$iu4ZwTTSRdMzBDdqekyUsedg.urZQRxhz7a8meNNlrHsRcspXzA2i","accessProfile":"ADMIN","cpf":"02116296875","status":true,"audit":[{"registeredBy":{"userId":"68dbe7834bcba872791dd2b9","userLogin":"sysadmin@qacoders.com"},"registrationDate":"sexta-feira, 14/11/2025, 11:57:34 BRT","registrationNumber":"QaCoders-46","_id":"6917435f239550a8848f4dab"}],"__v":0},{"_id":"68fc0e4aeb1149d308d72dd7","fullName":"Fernanda Gomes","mail":"juliana356@hotmail.com","password":"$2b$10$UtMEWDYaoQ4B9/l/OjslfePK9v/k7e4G7BuG4F4lkkqF5EJ5vc6Oy","accessProfile":"ADMIN","cpf":"00278620739","status":true,"audit":[{"registeredBy":{"userId":"68dbe7834bcba872791dd2b9","userLogin":"sysadmin@qacoders.com"},"registrationDate":"sexta-feira, 24/10/2025, 20:39:53 BRT","registrationNumber":"QaCoders-40","_id":"68fc0e4aeb1149d308d72dd8"}],"__v":0},{"_id":"68fc0a4ceb1149d308d72d14","fullName":"Fernanda Souza Silva","mail":"pedro807@yahoo.com.br","password":"$2b$10$4ToXdoeXMTvy90N4dPC2depwbfr2F.910u0igiKDUQYoeo0OOIKj.","accessProfile":"ADMIN","cpf":"78560716634","status":true,"audit":[{"registeredBy":{"userId":"68dbe7834bcba872791dd2b9","userLogin":"sysadmin@qacoders.com"},"registrationDate":"sexta-feira, 24/10/2025, 20:22:52 BRT","registrationNumber":"QaCoders-36","_id":"68fc0a4ceb1149d308d72d15"}],"__v":0},{"_id":"68fb6da8eb1149d308d70d25","fullName":"Fernando Vásquez","mail":"fernandovasquez@qacoders.com","password":"$2b$10$TnoQhcyoQqkrbtF5W0dSmetXWRjW8KHlOpSNJbZ.0rTtCNifMUjO6","accessProfile":"ADMIN","cpf":"07808416326","status":true,"audit":[{"registeredBy":{"userId":"68faa700eb1149d308d6f9d8","userLogin":"dario@qacoders.com"},"registrationDate":"sexta-feira, 24/10/2025, 09:14:31 BRT","registrationNumber":"QaCoders-31","_id":"68fb6da8eb1149d308d70d26"}],"__v":0},{"_id":"69178e49239550a8848f6779","fullName":"Gabriel Lima","mail":"gabriellima@qacoders.com.br","password":"$2b$10$YXngJfQfzg7WM8tN6Q5qEOIxGJocNw7mYd1ouL3CGfw7xcTRWPLn2","accessProfile":"ADMIN","cpf":"74688356638","status":true,"audit":[{"registeredBy":{"userId":"68dbe7834bcba872791dd2b9","userLogin":"sysadmin@qacoders.com"},"registrationDate":"sexta-feira, 14/11/2025, 17:17:13 BRT","registrationNumber":"QaCoders-50","_id":"69178e49239550a8848f677a"}],"__v":0},{"_id":"69175d9a239550a8848f50b3","fullName":"Gabriela Pinto","mail":"gabriela@qacoders.com","password":"$2b$10$mlPXeho9SZMBXVVdgBdEeu1bgbCUy/Eughn4uDtQbJrNxBIlZCFgq","accessProfile":"ADMIN","cpf":"16494172457","status":true,"audit":[{"registeredBy":{"userId":"68dbe7834bcba872791dd2b9","userLogin":"sysadmin@qacoders.com"},"registrationDate":"sexta-feira, 14/11/2025, 13:49:30 BRT","registrationNumber":"QaCoders-47","_id":"69175d9a239550a8848f50b4"}],"__v":0},{"_id":"68fabcd3eb1149d308d70173","fullName":"Greta Bahringer","mail":"Kelton79@hotmail.com","password":"$2b$10$knhLCVSPX6D1bSP/8K6PVu0dfwC/KGOCShGcljOVlF.DxJVNJ9LW2","accessProfile":"ADMIN","cpf":"99432193358","status":true,"audit":[{"registeredBy":{"userId":"68dbe7834bcba872791dd2b9","userLogin":"sysadmin@qacoders.com"},"registrationDate":"quinta-feira, 23/10/2025, 20:40:02 BRT","registrationNumber":"QaCoders-20","_id":"68fabcd3eb1149d308d70174"}],"__v":0},{"_id":"68ffccd9eb1149d308d74b12","fullName":"Heitor Carvalho","mail":"heitorcarvalho@qacoders.com.br","password":"$2b$10$NlbSmXLeBwhz1yN2cEpGJOTXwKiI88rVdoYe6F9fgUjiFyU4aFDam","accessProfile":"ADMIN","cpf":"82416459886","status":true,"audit":[{"registeredBy":{"userId":"68dbe7834bcba872791dd2b9","userLogin":"sysadmin@qacoders.com"},"registrationDate":"segunda-feira, 27/10/2025, 16:49:44 BRT","registrationNumber":"QaCoders-45","_id":"68ffccd9eb1149d308d74b13"}],"__v":0},{"_id":"69177fbf239550a8848f5c31","fullName":"Heitor Pereira","mail":"heitorpereira@qacoders.com.br","password":"$2b$10$v78O3MLXoBu1vEVmlMw/KeRAjKBDAMBR3ZQVnucGDGrG3/EFRQm2m","accessProfile":"ADMIN","cpf":"01754631176","status":true,"audit":[{"registeredBy":{"userId":"68dbe7834bcba872791dd2b9","userLogin":"sysadmin@qacoders.com"},"registrationDate":"sexta-feira, 14/11/2025, 16:15:10 BRT","registrationNumber":"QaCoders-49","_id":"69177fbf239550a8848f5c32"}],"__v":0},{"_id":"68fabaa5eb1149d308d70110","fullName":"Isabel Willms","mail":"Beverly95@hotmail.com","password":"$2b$10$ReyQq0ANucfLFsWCs8OR3eqMMzaeXPHri48S8pkPk5fOQpdThl8fm","accessProfile":"ADMIN","cpf":"53996261015","status":true,"audit":[{"registeredBy":{"userId":"68dbe7834bcba872791dd2b9","userLogin":"sysadmin@qacoders.com"},"registratio... (set the log level to DEBUG or TRACE to see the full content) 
 </msg>
<msg time="2025-11-14T19:03:23.071515" level="INFO">${response} = &lt;Response [200]&gt;</msg>
<var>${response}</var>
<arg>alias=develop</arg>
<arg>url=/user?token=${token}</arg>
<arg>verify=${True}</arg>
<doc>Sends a GET request on a previously created HTTP Session.</doc>
<status status="PASS" start="2025-11-14T19:03:22.946465" elapsed="0.125116"/>
</kw>
<kw name="Log" owner="BuiltIn">
<msg time="2025-11-14T19:03:23.073965" level="INFO">[{'_id': '68fc0ca2eb1149d308d72dcd', 'fullName': 'Ana Silva', 'mail': 'carlos197@gmail.com', 'password': '$2b$10$LSZOIFVNJVF.I6FHyX2sIeSyfjRc5IQnBAXbGzPAZQi3zudaES7cG', 'accessProfile': 'ADMIN', 'cpf': '93601752012', 'status': True, 'audit': [{'registeredBy': {'userId': '68dbe7834bcba872791dd2b9', 'userLogin': 'sysadmin@qacoders.com'}, 'registrationDate': 'sexta-feira, 24/10/2025, 20:32:49 BRT', 'registrationNumber': 'QaCoders-39', '_id': '68fc0ca2eb1149d308d72dce'}], '__v': 0}, {'_id': '68fabebfeb1149d308d701ca', 'fullName': 'António Camões', 'mail': 'antoniocamoes@qacoders.com', 'password': '$2b$10$JzljC/n5C6jngKzPTbscceuYwnlSlN8.lzBvA8ova/tXeLKLQ.Zxi', 'accessProfile': 'ADMIN', 'cpf': '13318991023', 'status': True, 'audit': [{'registeredBy': {'userId': '68faa700eb1149d308d6f9d8', 'userLogin': 'dario@qacoders.com'}, 'registrationDate': 'quinta-feira, 23/10/2025, 20:48:15 BRT', 'registrationNumber': 'QaCoders-23', '_id': '68fabebfeb1149d308d701cb'}], '__v': 0}, {'_id': '68fc10dceb1149d308d73209', 'fullName': 'Camelo do Teste', 'mail': 'camelo@test.com.br', 'password': '$2b$10$Rdp19Pblvom3CwVg3mTia./tbDILf1H5IBXPXw3wY0IgLigCURlii', 'accessProfile': 'ADMIN', 'cpf': '11122583304', 'status': True, 'audit': [{'updatedBy': {'userId': '68fc10dceb1149d308d73209', 'userLogin': 'camelo@test.com.br'}, 'updateDate': 'segunda-feira, 27/10/2025, 20:03:20 BRT', '_id': '68fffa39728a8d88ef358ebf'}], '__v': 0}, {'_id': '68fb689beb1149d308d70bb7', 'fullName': 'Cássia Guimarães', 'mail': 'cassiaguimaraes@qacoders.com', 'password': '$2b$10$2EE6OA.B1enDcYpGlfRGj.FfO2QJYwjUjahPgpl1vKt2WdVDRyk32', 'accessProfile': 'ADMIN', 'cpf': '16591084544', 'status': True, 'audit': [{'registeredBy': {'userId': '68faa700eb1149d308d6f9d8', 'userLogin': 'dario@qacoders.com'}, 'registrationDate': 'sexta-feira, 24/10/2025, 08:52:58 BRT', 'registrationNumber': 'QaCoders-29', '_id': '68fb689beb1149d308d70bb8'}], '__v': 0}, {'_id': '68faa700eb1149d308d6f9d8', 'fullName': 'Dario Oliveira', 'mail': 'dario@qacoders.com', 'password': '$2b$10$pFDp0bQQMgl10z4vgiMLWu9wPZIXu/3JOirTZXuQuPKdY/oaHKWk6', 'accessProfile': 'ADMIN', 'cpf': '61197294096', 'status': True, 'audit': [{'registeredBy': {'userId': '68dbe7834bcba872791dd2b9', 'userLogin': 'sysadmin@qacoders.com'}, 'registrationDate': 'quinta-feira, 23/10/2025, 19:06:55 BRT', 'registrationNumber': 'QaCoders-7', '_id': '68faa700eb1149d308d6f9d9'}], '__v': 0}, {'_id': '68faaff9eb1149d308d6fb4f', 'fullName': 'Dario Oliveira', 'mail': 'dario2@qacoders.com', 'password': '$2b$10$NUQVcB7H2O1elONnVifhB.FJPsOje1nvbb2ZutDsBrLikCAXY3o5C', 'accessProfile': 'ADMIN', 'cpf': '61195294096', 'status': True, 'audit': [{'registeredBy': {'userId': '68faa700eb1149d308d6f9d8', 'userLogin': 'dario@qacoders.com'}, 'registrationDate': 'quinta-feira, 23/10/2025, 19:45:13 BRT', 'registrationNumber': 'QaCoders-13', '_id': '68faaff9eb1149d308d6fb50'}], '__v': 0}, {'_id': '68fab041eb1149d308d6fb69', 'fullName': 'Dario Oliveira', 'mail': 'dario3@qacoders.com', 'password': '$2b$10$Sz.UXg7it7ANHwxsN3qGwegUqIqjzpQ6KNmJbT1rF55b/n0cmYTrm', 'accessProfile': 'ADMIN', 'cpf': '62195294096', 'status': True, 'audit': [{'registeredBy': {'userId': '68faa700eb1149d308d6f9d8', 'userLogin': 'dario@qacoders.com'}, 'registrationDate': 'quinta-feira, 23/10/2025, 19:46:25 BRT', 'registrationNumber': 'QaCoders-14', '_id': '68fab041eb1149d308d6fb6a'}], '__v': 0}, {'_id': '68fab3b0eb1149d308d6fbab', 'fullName': 'Dario Oliveira', 'mail': 'dario33@qacoders.com', 'password': '$2b$10$wtR7vhYmQt94gOPBiOFb9ulaSSAwrWaXHR3Yzk9fr9lm48GTv.k42', 'accessProfile': 'ADMIN', 'cpf': '67195294096', 'status': True, 'audit': [{'registeredBy': {'userId': '68faa700eb1149d308d6f9d8', 'userLogin': 'dario@qacoders.com'}, 'registrationDate': 'quinta-feira, 23/10/2025, 20:01:03 BRT', 'registrationNumber': 'QaCoders-15', '_id': '68fab3b0eb1149d308d6fbac'}], '__v': 0}, {'_id': '68fab952eb1149d308d7009d', 'fullName': 'Dario Oliveira', 'mail': 'dario37@qacoders.com', 'password': '$2b$10$22BgPP7Kv.0HKkmCaXa9Mu17233EslR61if8y.c7a88qFoNKD2cau', 'accessProfile': 'ADMIN', 'cpf': '67155294096', 'status': True, 'audit': [{'registeredBy': {'userId': '68faa700eb1149d308d6f9d8', 'userLogin': 'dario@qacoders.com'}, 'registrationDate': 'quinta-feira, 23/10/2025, 20:25:06 BRT', 'registrationNumber': 'QaCoders-15', '_id': '68fab952eb1149d308d7009e'}], '__v': 0}, {'_id': '68fabca9eb1149d308d70160', 'fullName': 'Dario Oliveira', 'mail': 'dario88@qacoders.com', 'password': '$2b$10$LXy.IV.Xme.LRMyfP1N93eGIws9Y/tr5sfHuW0yMnu6ewfIlsLlRK', 'accessProfile': 'ADMIN', 'cpf': '28127696258', 'status': True, 'audit': [{'registeredBy': {'userId': '68faa700eb1149d308d6f9d8', 'userLogin': 'dario@qacoders.com'}, 'registrationDate': 'quinta-feira, 23/10/2025, 20:39:21 BRT', 'registrationNumber': 'QaCoders-18', '_id': '68fabca9eb1149d308d70161'}], '__v': 0}, {'_id': '68fabcc0eb1149d308d70168', 'fullName': 'Dario Oliveira', 'mail': 'dario90@qacoders.com', 'password': '$2b$10$7GXu1uyNtAIt.2P2bUjCPe0uMC30GSmtpS0W60gFcQcYQhPbRmHtu', 'accessProfile': 'ADMIN', 'cpf': '72686521275', 'status': True, 'audit': [{'registeredBy': {'userId': '68faa700eb1149d308d6f9d8', 'userLogin': 'dario@qacoders.com'}, 'registrationDate': 'quinta-feira, 23/10/2025, 20:39:43 BRT', 'registrationNumber': 'QaCoders-19', '_id': '68fabcc0eb1149d308d70169'}], '__v': 0}, {'_id': '68fabd34eb1149d308d701ae', 'fullName': 'Diogo Sales', 'mail': 'diogosales@hotmail.com', 'password': '$2b$10$.sGv2fQ/6TXCywgJzhxIzu4cbMicRyEkKAoDSBpGZmhfiPVsPtRKu', 'accessProfile': 'ADMIN', 'cpf': '99432193357', 'status': True, 'audit': [{'registeredBy': {'userId': '68dbe7834bcba872791dd2b9', 'userLogin': 'sysadmin@qacoders.com'}, 'registrationDate': 'quinta-feira, 23/10/2025, 20:41:40 BRT', 'registrationNumber': 'QaCoders-21', '_id': '68fabd34eb1149d308d701af'}], '__v': 0}, {'_id': '6917435f239550a8848f4daa', 'fullName': 'Diogo Sales P', 'mail': 'diogo@sales.com', 'password': '$2b$10$iu4ZwTTSRdMzBDdqekyUsedg.urZQRxhz7a8meNNlrHsRcspXzA2i', 'accessProfile': 'ADMIN', 'cpf': '02116296875', 'status': True, 'audit': [{'registeredBy': {'userId': '68dbe7834bcba872791dd2b9', 'userLogin': 'sysadmin@qacoders.com'}, 'registrationDate': 'sexta-feira, 14/11/2025, 11:57:34 BRT', 'registrationNumber': 'QaCoders-46', '_id': '6917435f239550a8848f4dab'}], '__v': 0}, {'_id': '68fc0e4aeb1149d308d72dd7', 'fullName': 'Fernanda Gomes', 'mail': 'juliana356@hotmail.com', 'password': '$2b$10$UtMEWDYaoQ4B9/l/OjslfePK9v/k7e4G7BuG4F4lkkqF5EJ5vc6Oy', 'accessProfile': 'ADMIN', 'cpf': '00278620739', 'status': True, 'audit': [{'registeredBy': {'userId': '68dbe7834bcba872791dd2b9', 'userLogin': 'sysadmin@qacoders.com'}, 'registrationDate': 'sexta-feira, 24/10/2025, 20:39:53 BRT', 'registrationNumber': 'QaCoders-40', '_id': '68fc0e4aeb1149d308d72dd8'}], '__v': 0}, {'_id': '68fc0a4ceb1149d308d72d14', 'fullName': 'Fernanda Souza Silva', 'mail': 'pedro807@yahoo.com.br', 'password': '$2b$10$4ToXdoeXMTvy90N4dPC2depwbfr2F.910u0igiKDUQYoeo0OOIKj.', 'accessProfile': 'ADMIN', 'cpf': '78560716634', 'status': True, 'audit': [{'registeredBy': {'userId': '68dbe7834bcba872791dd2b9', 'userLogin': 'sysadmin@qacoders.com'}, 'registrationDate': 'sexta-feira, 24/10/2025, 20:22:52 BRT', 'registrationNumber': 'QaCoders-36', '_id': '68fc0a4ceb1149d308d72d15'}], '__v': 0}, {'_id': '68fb6da8eb1149d308d70d25', 'fullName': 'Fernando Vásquez', 'mail': 'fernandovasquez@qacoders.com', 'password': '$2b$10$TnoQhcyoQqkrbtF5W0dSmetXWRjW8KHlOpSNJbZ.0rTtCNifMUjO6', 'accessProfile': 'ADMIN', 'cpf': '07808416326', 'status': True, 'audit': [{'registeredBy': {'userId': '68faa700eb1149d308d6f9d8', 'userLogin': 'dario@qacoders.com'}, 'registrationDate': 'sexta-feira, 24/10/2025, 09:14:31 BRT', 'registrationNumber': 'QaCoders-31', '_id': '68fb6da8eb1149d308d70d26'}], '__v': 0}, {'_id': '69178e49239550a8848f6779', 'fullName': 'Gabriel Lima', 'mail': 'gabriellima@qacoders.com.br', 'password': '$2b$10$YXngJfQfzg7WM8tN6Q5qEOIxGJocNw7mYd1ouL3CGfw7xcTRWPLn2', 'accessProfile': 'ADMIN', 'cpf': '74688356638', 'status': True, 'audit': [{'registeredBy': {'userId': '68dbe7834bcba872791dd2b9', 'userLogin': 'sysadmin@qacoders.com'}, 'registrationDate': 'sexta-feira, 14/11/2025, 17:17:13 BRT', 'registrationNumber': 'QaCoders-50', '_id': '69178e49239550a8848f677a'}], '__v': 0}, {'_id': '69175d9a239550a8848f50b3', 'fullName': 'Gabriela Pinto', 'mail': 'gabriela@qacoders.com', 'password': '$2b$10$mlPXeho9SZMBXVVdgBdEeu1bgbCUy/Eughn4uDtQbJrNxBIlZCFgq', 'accessProfile': 'ADMIN', 'cpf': '16494172457', 'status': True, 'audit': [{'registeredBy': {'userId': '68dbe7834bcba872791dd2b9', 'userLogin': 'sysadmin@qacoders.com'}, 'registrationDate': 'sexta-feira, 14/11/2025, 13:49:30 BRT', 'registrationNumber': 'QaCoders-47', '_id': '69175d9a239550a8848f50b4'}], '__v': 0}, {'_id': '68fabcd3eb1149d308d70173', 'fullName': 'Greta Bahringer', 'mail': 'Kelton79@hotmail.com', 'password': '$2b$10$knhLCVSPX6D1bSP/8K6PVu0dfwC/KGOCShGcljOVlF.DxJVNJ9LW2', 'accessProfile': 'ADMIN', 'cpf': '99432193358', 'status': True, 'audit': [{'registeredBy': {'userId': '68dbe7834bcba872791dd2b9', 'userLogin': 'sysadmin@qacoders.com'}, 'registrationDate': 'quinta-feira, 23/10/2025, 20:40:02 BRT', 'registrationNumber': 'QaCoders-20', '_id': '68fabcd3eb1149d308d70174'}], '__v': 0}, {'_id': '68ffccd9eb1149d308d74b12', 'fullName': 'Heitor Carvalho', 'mail': 'heitorcarvalho@qacoders.com.br', 'password': '$2b$10$NlbSmXLeBwhz1yN2cEpGJOTXwKiI88rVdoYe6F9fgUjiFyU4aFDam', 'accessProfile': 'ADMIN', 'cpf': '82416459886', 'status': True, 'audit': [{'registeredBy': {'userId': '68dbe7834bcba872791dd2b9', 'userLogin': 'sysadmin@qacoders.com'}, 'registrationDate': 'segunda-feira, 27/10/2025, 16:49:44 BRT', 'registrationNumber': 'QaCoders-45', '_id': '68ffccd9eb1149d308d74b13'}], '__v': 0}, {'_id': '69177fbf239550a8848f5c31', 'fullName': 'Heitor Pereira', 'mail': 'heitorpereira@qacoders.com.br', 'password': '$2b$10$v78O3MLXoBu1vEVmlMw/KeRAjKBDAMBR3ZQVnucGDGrG3/EFRQm2m', 'accessProfile': 'ADMIN', 'cpf': '01754631176', 'status': True, 'audit': [{'registeredBy': {'userId': '68dbe7834bcba872791dd2b9', 'userLogin': 'sysadmin@qacoders.com'}, 'registrationDate': 'sexta-feira, 14/11/2025, 16:15:10 BRT', 'registrationNumber': 'QaCoders-49', '_id': '69177fbf239550a8848f5c32'}], '__v': 0}, {'_id': '68fabaa5eb1149d308d70110', 'fullName': 'Isabel Willms', 'mail': 'Beverly95@hotmail.com', 'password': '$2b$10$ReyQq0ANucfLFsWCs8OR3eqMMzaeXPHri48S8pkPk5fOQpdThl8fm', 'accessProfile': 'ADMIN', 'cpf': '53996261015', 'status': True, 'audit': [{'registeredBy': {'userId': '68dbe7834bcba872791dd2b9', 'userLogin': 'sysadmin@qacoders.com'}, 'registrationDate': 'quinta-feira, 23/10/2025, 20:30:44 BRT', 'registrationNumber': 'QaCoders-16', '_id': '68fabaa5eb1149d308d70111'}], '__v': 0}, {'_id': '68ee734b0cc3ae637704bf17', 'fullName': 'Joao Alves', 'mail': 'joao_alves@icloud.com', 'password': '$2b$10$iSgNPturlSOGMMqAA93fwOvAbzh6YwdzkAzCbLdOuDGlUQY5M755O', 'accessProfile': 'ADMIN', 'cpf': '04459024396', 'status': True, 'audit': [{'registeredBy': {'userId': '68dbe7834bcba872791dd2b9', 'userLogin': 'sysadmin@qacoders.com'}, 'registrationDate': 'terça-feira, 14/10/2025, 12:59:06 BRT', 'registrationNumber': 'QaCoders-5', '_id': '68ee734b0cc3ae637704bf18'}, {'updatedBy': {'userId': '68f95e6be32b677da897b7d8', 'userLogin': 'sysadmin@qacoders.com'}, 'updateDate': 'quinta-feira, 23/10/2025, 19:37:23 BRT', '_id': '68faae23eb1149d308d6fa78'}, {'updatedBy': {'userId': '68f95e6be32b677da897b7d8', 'userLogin': 'sysadmin@qacoders.com'}, 'updateDate': 'quinta-feira, 23/10/2025, 19:40:51 BRT', '_id': '68faaef3eb1149d308d6fad5'}, {'updatedBy': {'userId': '68f95e6be32b677da897b7d8', 'userLogin': 'sysadmin@qacoders.com'}, 'updateDate': 'quinta-feira, 23/10/2025, 19:43:37 BRT', '_id': '68faaf99eb1149d308d6fb23'}, {'updatedBy': {'userId': '68dbe7834bcba872791dd2b9', 'userLogin': 'sysadmin@qacoders.com'}, 'updateDate': 'quinta-feira, 23/10/2025, 20:03:27 BRT', '_id': '68fab43feb1149d308d6fbcc'}, {'updatedBy': {'userId': '68dbe7834bcba872791dd2b9', 'userLogin': 'sysadmin@qacoders.com'}, 'updateDate': 'quinta-feira, 23/10/2025, 20:03:49 BRT', '_id': '68fab455eb1149d308d6fbdd'}, {'updatedBy': {'userId': '68dbe7834bcba872791dd2b9', 'userLogin': 'sysadmin@qacoders.com'}, 'updateDate': 'quinta-feira, 23/10/2025, 20:04:21 BRT', '_id': '68fab475eb1149d308d6fbf2'}, {'updatedBy': {'userId': '68dbe7834bcba872791dd2b9', 'userLogin': 'sysadmin@qacoders.com'}, 'updateDate': 'quinta-feira, 23/10/2025, 20:04:31 BRT', '_id': '68fab47feb1149d308d6fc09'}, {'updatedBy': {'userId': '68dbe7834bcba872791dd2b9', 'userLogin': 'sysadmin@qacoders.com'}, 'updateDate': 'quinta-feira, 23/10/2025, 20:06:34 BRT', '_id': '68fab4faeb1149d308d6fc55'}, {'updatedBy': {'userId': '68dbe7834bcba872791dd2b9', 'userLogin': 'sysadmin@qacoders.com'}, 'updateDate': 'quinta-feira, 23/10/2025, 20:06:44 BRT', '_id': '68fab504eb1149d308d6fc72'}, {'updatedBy': {'userId': '68dbe7834bcba872791dd2b9', 'userLogin': 'sysadmin@qacoders.com'}, 'updateDate': 'quinta-feira, 23/10/2025, 20:07:06 BRT', '_id': '68fab51aeb1149d308d6fc92'}, {'updatedBy': {'userId': '68dbe7834bcba872791dd2b9', 'userLogin': 'sysadmin@qacoders.com'}, 'updateDate': 'quinta-feira, 23/10/2025, 20:07:28 BRT', '_id': '68fab530eb1149d308d6fcb5'}, {'updatedBy': {'userId': '68dbe7834bcba872791dd2b9', 'userLogin': 'sysadmin@qacoders.com'}, 'updateDate': 'quinta-feira, 23/10/2025, 20:10:47 BRT', '_id': '68fab5f7eb1149d308d6fd77'}, {'updatedBy': {'userId': '68dbe7834bcba872791dd2b9', 'userLogin': 'sysadmin@qacoders.com'}, 'updateDate': 'quinta-feira, 23/10/2025, 20:12:01 BRT', '_id': '68fab641eb1149d308d6fdbc'}, {'updatedBy': {'userId': '68dbe7834bcba872791dd2b9', 'userLogin': 'sysadmin@qacoders.com'}, 'updateDate': 'quinta-feira, 23/10/2025, 20:12:07 BRT', '_id': '68fab647eb1149d308d6fde8'}, {'updatedBy': {'userId': '68dbe7834bcba872791dd2b9', 'userLogin': 'sysadmin@qacoders.com'}, 'updateDate': 'quinta-feira, 23/10/2025, 20:13:46 BRT', '_id': '68fab6aaeb1149d308d6fe1b'}, {'updatedBy': {'userId': '68dbe7834bcba872791dd2b9', 'userLogin': 'sysadmin@qacoders.com'}, 'updateDate': 'quinta-feira, 23/10/2025, 20:14:09 BRT', '_id': '68fab6c1eb1149d308d6fe4d'}, {'updatedBy': {'userId': '68dbe7834bcba872791dd2b9', 'userLogin': 'sysadmin@qacoders.com'}, 'updateDate': 'quinta-feira, 23/10/2025, 20:14:19 BRT', '_id': '68fab6cbeb1149d308d6fe83'}, {'updatedBy': {'userId': '68dbe7834bcba872791dd2b9', 'userLogin': 'sysadmin@qacoders.com'}, 'updateDate': 'quinta-feira, 23/10/2025, 20:14:46 BRT', '_id': '68fab6e6eb1149d308d6febd'}, {'updatedBy': {'userId': '68dbe7834bcba872791dd2b9', 'userLogin': 'sysadmin@qacoders.com'}, 'updateDate': 'quinta-feira, 23/10/2025, 20:15:08 BRT', '_id': '68fab6fceb1149d308d6ff26'}, {'updatedBy': {'userId': '68dbe7834bcba872791dd2b9', 'userLogin': 'sysadmin@qacoders.com'}, 'updateDate': 'quinta-feira, 23/10/2025, 20:15:10 BRT', '_id': '68fab6feeb1149d308d6ff64'}, {'updatedBy': {'userId': '68dbe7834bcba872791dd2b9', 'userLogin': 'sysadmin@qacoders.com'}, 'updateDate': 'quinta-feira, 23/10/2025, 20:18:46 BRT', '_id': '68fab7d6eb1149d308d6ffd5'}, {'updatedBy': {'userId': '68dbe7834bcba872791dd2b9', 'userLogin': 'sysadmin@qacoders.com'}, 'updateDate': 'quinta-feira, 23/10/2025, 20:19:25 BRT', '_id': '68fab7fdeb1149d308d70058'}], '__v': 0}, {'_id': '68fc0a63eb1149d308d72d1c', 'fullName': 'Juliana Santos', 'mail': 'camila225@gmail.com', 'password': '$2b$10$9jK7YYswr8y5lW0n4u.6iuMZU4j2cWOr5ThIXTtvSpVzsf3QCbevG', 'accessProfile': 'ADMIN', 'cpf': '03670341551', 'status': True, 'audit': [{'registeredBy': {'userId': '68dbe7834bcba872791dd2b9', 'userLogin': 'sysadmin@qacoders.com'}, 'registrationDate': 'sexta-feira, 24/10/2025, 20:23:15 BRT', 'registrationNumber': 'QaCoders-37', '_id': '68fc0a63eb1149d308d72d1d'}], '__v': 0}, {'_id': '68ee721f0cc3ae637704be27', 'fullName': 'Karla Henrique', 'mail': 'karla_henrique@gmail.com', 'password': '$2b$10$.XAHZ4EWnK3/50cN.dVJjOm0WWCLofKwIJHu/3PmvT54MDNy9kWEe', 'accessProfile': 'ADMIN', 'cpf': '26653827121', 'status': True, 'audit': [{'registeredBy': {'userId': '68dbe7834bcba872791dd2b9', 'userLogin': 'sysadmin@qacoders.com'}, 'registrationDate': 'terça-feira, 14/10/2025, 12:54:06 BRT', 'registrationNumber': 'QaCoders-4', '_id': '68ee721f0cc3ae637704be28'}], '__v': 0}, {'_id': '68e7bfc80cc3ae637704b054', 'fullName': 'Karla Souza', 'mail': 'karla_souza@uol.com.br', 'password': '$2b$10$ppx7N2njhR0cMBJQTPWKaOD/66eSWWBMCx9RNtsl5wCa1fZKbdRn6', 'accessProfile': 'ADMIN', 'cpf': '26608882992', 'status': True, 'audit': [{'registeredBy': {'userId': '68dbe7834bcba872791dd2b9', 'userLogin': 'sysadmin@qacoders.com'}, 'registrationDate': 'quinta-feira, 09/10/2025, 10:59:35 BRT', 'registrationNumber': 'QaCoders-2', '_id': '68e7bfc80cc3ae637704b055'}], '__v': 0}, {'_id': '68fabac8eb1149d308d70118', 'fullName': 'Kelley Buckridge', 'mail': 'Forest67@gmail.com', 'password': '$2b$10$8locp3M1GK1eWbECzJ/su.hyMHNchyt/NFxJvouuzYcU1E/fDA/42', 'accessProfile': 'ADMIN', 'cpf': '93108213463', 'status': True, 'audit': [{'registeredBy': {'userId': '68dbe7834bcba872791dd2b9', 'userLogin': 'sysadmin@qacoders.com'}, 'registrationDate': 'quinta-feira, 23/10/2025, 20:31:19 BRT', 'registrationNumber': 'QaCoders-17', '_id': '68fabac8eb1149d308d70119'}], '__v': 0}, {'_id': '68fae63beb1149d308d70a41', 'fullName': 'Leoncio Barros', 'mail': 'leoncio@test.com', 'password': '$2b$10$c7vrh.j64RwwIHHKTjp2z.LigEpsSrE9RekUHUOCbzD9LG5.LxjfS', 'accessProfile': 'ADMIN', 'cpf': '11011084134', 'status': True, 'audit': [{'registeredBy': {'userId': '68dbe7834bcba872791dd2b9', 'userLogin': 'sysadmin@qacoders.com'}, 'registrationDate': 'quinta-feira, 23/10/2025, 23:36:42 BRT', 'registrationNumber': 'QaCoders-27', '_id': '68fae63beb1149d308d70a42'}], '__v': 0}, {'_id': '68fc0f3aeb1149d308d72dee', 'fullName': 'Lucas Souza Martins', 'mail': 'ana341@gmail.com', 'password': '$2b$10$V1VNg1zBTZMHoxu7gorHlOlAgQ9mDmBKdXkiVR5P5oUcTdZmgLcu6', 'accessProfile': 'ADMIN', 'cpf': '82709878364', 'status': True, 'audit': [{'registeredBy': {'userId': '68dbe7834bcba872791dd2b9', 'userLogin': 'sysadmin@qacoders.com'}, 'registrationDate': 'sexta-feira, 24/10/2025, 20:43:53 BRT', 'registrationNumber': 'QaCoders-42', '_id': '68fc0f3aeb1149d308d72def'}], '__v': 0}, {'_id': '69177d7d239550a8848f5b68', 'fullName': 'Luiza Ribeiro', 'mail': 'luizaribeiro@qacoders.com.br', 'password': '$2b$10$3mddjwW1TfrgwKxWmlh5revqM2Ly8frSlqgGhdYlmdM9dmxARvUDm', 'accessProfile': 'ADMIN', 'cpf': '86746314092', 'status': True, 'audit': [{'registeredBy': {'userId': '68dbe7834bcba872791dd2b9', 'userLogin': 'sysadmin@qacoders.com'}, 'registrationDate': 'sexta-feira, 14/11/2025, 16:05:33 BRT', 'registrationNumber': 'QaCoders-49', '_id': '69177d7d239550a8848f5b69'}], '__v': 0}, {'_id': '68fa84b8eb1149d308d6f22c', 'fullName': 'Marcia Arruda', 'mail': 'marciaarruda@qacoders.com', 'password': '$2b$10$wCx2he0UWTlO3WuX1WXmSePL4zt2BgkQre0lqr3rtalABvqN5HoGK', 'accessProfile': 'ADMIN', 'cpf': '85225357601', 'status': True, 'audit': [{'registeredBy': {'userId': '68dbe7834bcba872791dd2b9', 'userLogin': 'sysadmin@qacoders.com'}, 'registrationDate': 'quinta-feira, 23/10/2025, 16:40:39 BRT', 'registrationNumber': 'QaCoders-6', '_id': '68fa84b8eb1149d308d6f22d'}], '__v': 0}, {'_id': '68fbc8a7eb1149d308d711fc', 'fullName': 'Maria Brown', 'mail': 'mariabrown@test.com', 'password': '$2b$10$4Jja2qtC72Oj5Rj3mKvnsesE7Yn7IX7rD5rv2Kl8Nz5Soll54Sr4.', 'accessProfile': 'ADMIN', 'cpf': '21250368581', 'status': True, 'audit': [{'registeredBy': {'userId': '68dbe7834bcba872791dd2b9', 'userLogin': 'sysadmin@qacoders.com'}, 'registrationDate': 'sexta-feira, 24/10/2025, 15:42:46 BRT', 'registrationNumber': 'QaCoders-33', '_id': '68fbc8a7eb1149d308d711fd'}, {'updatedBy': {'userId': '68dbe7834bcba872791dd2b9', 'userLogin': 'sysadmin@qacoders.com'}, 'updateDate': 'sexta-feira, 24/10/2025, 15:43:46 BRT', '_id': '68fbc8e2eb1149d308d7120a'}, {'updatedBy': {'userId': '68dbe7834bcba872791dd2b9', 'userLogin': 'sysadmin@qacoders.com'}, 'updateDate': 'sexta-feira, 24/10/2025, 15:44:46 BRT', '_id': '68fbc91eeb1149d308d7124f'}], '__v': 0}, {'_id': '68fc0b4eeb1149d308d72d7d', 'fullName': 'Maria Santos', 'mail': 'ana416@gmail.com', 'password': '$2b$10$HA.Wtd3pqGxeEVMFtmRfT.auufYuMS2K3gjPPemtrqAvEEzw.I0jO', 'accessProfile': 'ADMIN', 'cpf': '98456488550', 'status': True, 'audit': [{'registeredBy': {'userId': '68dbe7834bcba872791dd2b9', 'userLogin': 'sysadmin@qacoders.com'}, 'registrationDate': 'sexta-feira, 24/10/2025, 20:27:10 BRT', 'registrationNumber': 'QaCoders-38', '_id': '68fc0b4eeb1149d308d72d7e'}], '__v': 0}, {'_id': '68e94c030cc3ae637704ba06', 'fullName': 'Maria Silva', 'mail': 'maria_silva@uol.com.br', 'password': '$2b$10$eXUK4B49vbKd1bg2jWk.EeGCnT3ww620oFPdZMH2z7c.EnGt2ocDG', 'accessProfile': 'ADMIN', 'cpf': '48814056057', 'status': True, 'audit': [{'registeredBy': {'userId': '68dbe7834bcba872791dd2b9', 'userLogin': 'sysadmin@qacoders.com'}, 'registrationDate': 'sexta-feira, 10/10/2025, 15:10:11 BRT', 'registrationNumber': 'QaCoders-3', '_id': '68e94c030cc3ae637704ba07'}], '__v': 0}, {'_id': '68fc0ec9eb1149d308d72de4', 'fullName': 'Paulo Souza', 'mail': 'ana661@yahoo.com.br', 'password': '$2b$10$pw31Bs5.LUI1ucIb2zbB1ufIaiZGfd8fbSVIHbAknwfNDdmHQgm1O', 'accessProfile': 'ADMIN', 'cpf': '36147103666', 'status': True, 'audit': [{'registeredBy': {'userId': '68dbe7834bcba872791dd2b9', 'userLogin': 'sysadmin@qacoders.com'}, 'registrationDate': 'sexta-feira, 24/10/2025, 20:42:00 BRT', 'registrationNumber': 'QaCoders-41', '_id': '68fc0ec9eb1149d308d72de5'}], '__v': 0}, {'_id': '68faad16eb1149d308d6fa2b', 'fullName': 'Postman do Teste', 'mail': 'postman@test.com.br', 'password': '$2b$10$hxRZm2ZxyIVWq0yOeA5OoejeEtNUprI1VCzaCZ4HFaVWlF3HejCh6', 'accessProfile': 'ADMIN', 'cpf': '11194233344', 'status': True, 'audit': [{'updatedBy': {'userId': '68faad16eb1149d308d6fa2b', 'userLogin': 'postman@test.com.br'}, 'updateDate': 'quinta-feira, 23/10/2025, 19:45:16 BRT', '_id': '68faaffceb1149d308d6fb58'}], '__v': 0}, {'_id': '68fac07ceb1149d308d7027d', 'fullName': 'Postmann do Teste', 'mail': 'postman1@test.com.br', 'password': '$2b$10$GQxk8Y2mTVXR2pikaP.lYeLxNz7DAoMnLkz4p1ufq4tREPvVsWad2', 'accessProfile': 'ADMIN', 'cpf': '11194133344', 'status': True, 'audit': [{'updatedBy': {'userId': '68fac07ceb1149d308d7027d', 'userLogin': 'postman1@test.com.br'}, 'updateDate': 'sexta-feira, 24/10/2025, 19:18:05 BRT', '_id': '68fbfb1eeb1149d308d727cd'}], '__v': 0}, {'_id': '68dbe7834bcba872791dd2b9', 'fullName': 'Qa-Coders-SYSADMIN', 'mail': 'sysadmin@qacoders.com', 'password': '$2b$10$762UPIn78rqH5b7pn7OJbOKqD3QRGPuCmPLxE0T3gcSXIDTJS7g9a', 'accessProfile': 'SYSADMIN', 'cpf': '11111111111', 'status': True, 'audit': [{'registeredBy': {'userId': '111111111111111111', 'userLogin': 'sysadmin@qacoders.com'}, 'registrationDate': 'terça-feira, 30/09/2025, 11:21:54 BRT', 'registrationNumber': '01', 'companyId': 'Qa.Coders', '_id': '68dbe7834bcba872791dd2ba'}], '__v': 0}, {'_id': '68faacd0eb1149d308d6fa21', 'fullName': 'Rylan Nicolas', 'mail': 'Dane.Olson51@hotmail.com', 'password': '$2b$10$HXzVoDi0njzkwAeHXotQvuurdYfJECp61YTP.Dv4J6jjxHC0nFmrS', 'accessProfile': 'ADMIN', 'cpf': '34509859242', 'status': True, 'audit': [{'registeredBy': {'userId': '68dbe7834bcba872791dd2b9', 'userLogin': 'sysadmin@qacoders.com'}, 'registrationDate': 'quinta-feira, 23/10/2025, 19:31:43 BRT', 'registrationNumber': 'QaCoders-8', '_id': '68faacd0eb1149d308d6fa22'}], '__v': 0}, {'_id': '68fb68d4eb1149d308d70bbf', 'fullName': 'Sílvia Côrtes', 'mail': 'silviacortes@qacoders.com', 'password': '$2b$10$ysxMrdNHX7.5rPWDjJ29PecFQ1crKyOCrDWxuVHbUPWHcGUA2n9ju', 'accessProfile': 'ADMIN', 'cpf': '25826181446', 'status': True, 'audit': [{'registeredBy': {'userId': '68faa700eb1149d308d6f9d8', 'userLogin': 'dario@qacoders.com'}, 'registrationDate': 'sexta-feira, 24/10/2025, 08:53:56 BRT', 'registrationNumber': 'QaCoders-30', '_id': '68fb68d4eb1149d308d70bc0'}], '__v': 0}, {'_id': '68fbffb3eb1149d308d7290c', 'fullName': 'Testandooo do Teste', 'mail': 'testing@test.com.br', 'password': '$2b$10$yXg.0mDTD/yNRJF1shCRz.fYIUSzg7su32gyH5aJnKWbiG6UbosjG', 'accessProfile': 'ADMIN', 'cpf': '11122583344', 'status': True, 'audit': [{'updatedBy': {'userId': '68fbffb3eb1149d308d7290c', 'userLogin': 'testing@test.com.br'}, 'updateDate': 'sexta-feira, 24/10/2025, 20:54:18 BRT', '_id': '68fc11abeb1149d308d732a2'}], '__v': 0}, {'_id': '68ffb259eb1149d308d744cb', 'fullName': 'Teste do Teste', 'mail': 'test@test.com.br', 'password': '$2b$10$2V/GXsssoISMT1MmCxlL1.jd/fRdDvOq9ex0EVmfbjiM07tj2hl42', 'accessProfile': 'ADMIN', 'cpf': '11122233344', 'status': True, 'audit': [{'registeredBy': {'userId': '68dbe7834bcba872791dd2b9', 'userLogin': 'sysadmin@qacoders.com'}, 'registrationDate': 'segunda-feira, 27/10/2025, 14:56:40 BRT', 'registrationNumber': 'QaCoders-44', '_id': '68ffb259eb1149d308d744cc'}], '__v': 0}, {'_id': '68fc033aeb1149d308d72a70', 'fullName': 'Álvaro Côrtes', 'mail': 'alvarocortes@qacoders.com', 'password': '$2b$10$6LipINZErHEI23n69r9cG.naNF0ynHUGTwZkWMbFNfrYzBVTNEEOG', 'accessProfile': 'ADMIN', 'cpf': '29897536749', 'status': True, 'audit': [{'registeredBy': {'userId': '68faa700eb1149d308d6f9d8', 'userLogin': 'dario@qacoders.com'}, 'registrationDate': 'sexta-feira, 24/10/2025, 19:52:41 BRT', 'registrationNumber': 'QaCoders-36', '_id': '68fc033aeb1149d308d72a71'}], '__v': 0}, {'_id': '68faad7aeb1149d308d6fa3d', 'fullName': 'Álvaro Pássaro', 'mail': 'marianasoares2@gmail.com', 'password': '$2b$10$X29NEK24stye9M4YqG1q/uS5755wGAoufFq7k0.m6SREBabnQFUYa', 'accessProfile': 'ADMIN', 'cpf': '49119439874', 'status': True, 'audit': [{'registeredBy': {'userId': '68dbe7834bcba872791dd2b9', 'userLogin': 'sysadmin@qacoders.com'}, 'registrationDate': 'quinta-feira, 23/10/2025, 19:34:33 BRT', 'registrationNumber': 'QaCoders-10', '_id': '68faad7aeb1149d308d6fa3e'}], '__v': 0}, {'_id': '68fbfe59eb1149d308d728e2', 'fullName': 'Álvaro Vitória', 'mail': 'alvarovitoria@qacoders.com', 'password': '$2b$10$px.lheWjHIX3U0fcMYhdZ.xtr8fFIQG473tf/m3T7ti84tQ9xDleu', 'accessProfile': 'ADMIN', 'cpf': '83085261149', 'status': True, 'audit': [{'registeredBy': {'userId': '68faa700eb1149d308d6f9d8', 'userLogin': 'dario@qacoders.com'}, 'registrationDate': 'sexta-feira, 24/10/2025, 19:31:52 BRT', 'registrationNumber': 'QaCoders-34', '_id': '68fbfe59eb1149d308d728e3'}], '__v': 0}, {'_id': '68fabec3eb1149d308d701d2', 'fullName': 'Álvaro Vásquez', 'mail': 'alvarovasquez@qacoders.com', 'password': '$2b$10$12D7Cipdym4cp7yWCb4MZ.vSrNvJmVk7PJSAh4A13X1TS13eODmPu', 'accessProfile': 'ADMIN', 'cpf': '66085133836', 'status': True, 'audit': [{'registeredBy': {'userId': '68faa700eb1149d308d6f9d8', 'userLogin': 'dario@qacoders.com'}, 'registrationDate': 'quinta-feira, 23/10/2025, 20:48:18 BRT', 'registrationNumber': 'QaCoders-24', '_id': '68fabec3eb1149d308d701d3'}], '__v': 0}, {'_id': '68fabec6eb1149d308d701da', 'fullName': 'Íris Márquez', 'mail': 'irismarquez@qacoders.com', 'password': '$2b$10$e5m0y0alpZMZ2KlExeXy6um17kY8WcNLD9yHEbAq8Ns/FelWRME4u', 'accessProfile': 'ADMIN', 'cpf': '87163028415', 'status': True, 'audit': [{'registeredBy': {'userId': '68faa700eb1149d308d6f9d8', 'userLogin': 'dario@qacoders.com'}, 'registrationDate': 'quinta-feira, 23/10/2025, 20:48:21 BRT', 'registrationNumber': 'QaCoders-25', '_id': '68fabec6eb1149d308d701db'}], '__v': 0}, {'_id': '68fb70c8eb1149d308d70d87', 'fullName': 'Ítalo Vásquez', 'mail': 'italovasquez@qacoders.com', 'password': '$2b$10$MUvQknHOWOxgrXWA4t2Dr.fFqGEBSYBDe/z5OlzjreFWIGF6ajVfO', 'accessProfile': 'ADMIN', 'cpf': '15060834778', 'status': True, 'audit': [{'registeredBy': {'userId': '68faa700eb1149d308d6f9d8', 'userLogin': 'dario@qacoders.com'}, 'registrationDate': 'sexta-feira, 24/10/2025, 09:27:51 BRT', 'registrationNumber': 'QaCoders-32', '_id': '68fb70c8eb1149d308d70d88'}], '__v': 0}, {'_id': '68fabeb9eb1149d308d701c2', 'fullName': 'Úrsula Vitória', 'mail': 'ursulavitoria@qacoders.com', 'password': '$2b$10$aLn2O2JVzp048qMLRdhR2OM6gRWlPprkTZjzQqlZtFkHV6FWN3kkC', 'accessProfile': 'ADMIN', 'cpf': '13749160920', 'status': True, 'audit': [{'registeredBy': {'userId': '68faa700eb1149d308d6f9d8', 'userLogin': 'dario@qacoders.com'}, 'registrationDate': 'quinta-feira, 23/10/2025, 20:48:08 BRT', 'registrationNumber': 'QaCoders-22', '_id': '68fabeb9eb1149d308d701c3'}], '__v': 0}, {'_id': '68fb6886eb1149d308d70baf', 'fullName': 'Úrsula Vásquez', 'mail': 'ursulavasquez@qacoders.com', 'password': '$2b$10$vrCm96AZ4t2cZdNfasQnPeyuxAzcE8Y91W12XZe86Bc65uNDrL23q', 'accessProfile': 'ADMIN', 'cpf': '58859606031', 'status': True, 'audit': [{'registeredBy': {'userId': '68faa700eb1149d308d6f9d8', 'userLogin': 'dario@qacoders.com'}, 'registrationDate': 'sexta-feira, 24/10/2025, 08:52:37 BRT', 'registrationNumber': 'QaCoders-28', '_id': '68fb6886eb1149d308d70bb0'}], '__v': 0}]</msg>
<arg>${response.json()}</arg>
<doc>Logs the given message with the given level.</doc>
<status status="PASS" start="2025-11-14T19:03:23.071890" elapsed="0.002633"/>
</kw>
<kw name="Status Should Be" owner="RequestsLibrary">
<arg>200</arg>
<arg>${response}</arg>
<doc>Fails if response status code is different than the expected.</doc>
<status status="PASS" start="2025-11-14T19:03:23.074797" elapsed="0.000369"/>
</kw>
<status status="PASS" start="2025-11-14T19:03:20.558160" elapsed="2.517156"/>
</kw>
<status status="PASS" start="2025-11-14T19:03:20.557455" elapsed="2.518368"/>
</test>
<doc>Keywords utilizadas na rota /user</doc>
<status status="PASS" start="2025-11-14T19:03:20.244960" elapsed="2.832212"/>
</suite>
<statistics>
<total>
<stat pass="1" fail="0" skip="0">All Tests</stat>
</total>
<tag>
</tag>
<suite>
<stat name="Users" id="s1" pass="1" fail="0" skip="0">Users</stat>
</suite>
</statistics>
<errors>
</errors>
</robot>
